<?xml version="1.0" encoding="UTF-8"?>
<!-- Generated by org.testng.reporters.JUnitReportReporter -->
<testsuite hostname="DESKTOP-RH86VL0" name="com.testng.Ignore_Concepts" tests="2" failures="0" timestamp="9 Mar 2021 01:49:28 GMT" time="0.021" errors="0">
  <testcase name="mobileSearch" time="0.017" classname="com.testng.Ignore_Concepts"/>
  <testcase name="laptopSearch" time="0.004" classname="com.testng.Ignore_Concepts"/>
</testsuite> <!-- com.testng.Ignore_Concepts -->
