<?xml version="1.0" encoding="UTF-8"?>
<!-- Generated by org.testng.reporters.JUnitReportReporter -->
<testsuite hostname="DESKTOP-RH86VL0" name="com.testng.Assert_Concept" tests="1" failures="0" timestamp="11 Mar 2021 13:36:07 GMT" time="0.031" errors="0">
  <testcase name="credentials" time="0.031" classname="com.testng.Assert_Concept"/>
</testsuite> <!-- com.testng.Assert_Concept -->
