<?xml version="1.0" encoding="UTF-8"?>
<!-- Generated by org.testng.reporters.JUnitReportReporter -->
<testsuite hostname="DESKTOP-RH86VL0" name="com.testng.Annotation" tests="2" failures="0" timestamp="9 Mar 2021 01:49:28 GMT" time="0.006" errors="0">
  <testcase name="laptop" time="0.005" classname="com.testng.Annotation"/>
  <testcase name="mobileSearch" time="0.001" classname="com.testng.Annotation"/>
</testsuite> <!-- com.testng.Annotation -->
