<?xml version="1.0" encoding="UTF-8"?>
<!-- Generated by org.testng.reporters.JUnitReportReporter -->
<testsuite hostname="DESKTOP-RH86VL0" name="com.testng.Parameter_Concept" tests="1" failures="0" timestamp="12 Mar 2021 10:47:23 GMT" time="0.055" errors="0">
  <testcase name="credential" time="0.055" classname="com.testng.Parameter_Concept"/>
</testsuite> <!-- com.testng.Parameter_Concept -->
