<?xml version="1.0" encoding="UTF-8"?>
<!-- Generated by org.testng.reporters.JUnitReportReporter -->
<testsuite hostname="DESKTOP-RH86VL0" name="com.testng.Invocation_Concept" tests="7" failures="0" timestamp="9 Mar 2021 01:49:28 GMT" time="0.033" errors="0">
  <testcase name="mobileSearch" time="0.005" classname="com.testng.Invocation_Concept"/>
  <testcase name="laptop" time="0.003" classname="com.testng.Invocation_Concept"/>
  <testcase name="laptop" time="0.004" classname="com.testng.Invocation_Concept"/>
  <testcase name="laptop" time="0.005" classname="com.testng.Invocation_Concept"/>
  <testcase name="laptop" time="0.008" classname="com.testng.Invocation_Concept"/>
  <testcase name="laptop" time="0.004" classname="com.testng.Invocation_Concept"/>
  <testcase name="termsAndCondition" time="0.004" classname="com.testng.Invocation_Concept"/>
</testsuite> <!-- com.testng.Invocation_Concept -->
