<?xml version="1.0" encoding="UTF-8"?>
<!-- Generated by org.testng.reporters.JUnitReportReporter -->
<testsuite hostname="DESKTOP-RH86VL0" name="com.testng.Exception_Test" tests="1" failures="0" timestamp="9 Mar 2021 01:49:28 GMT" time="0.002" errors="0">
  <testcase name="add" time="0.002" classname="com.testng.Exception_Test"/>
</testsuite> <!-- com.testng.Exception_Test -->
