<?xml version="1.0" encoding="UTF-8"?>
<!-- Generated by org.testng.reporters.JUnitReportReporter -->
<testsuite hostname="DESKTOP-RH86VL0" name="com.testng.GroupingTest" tests="5" failures="0" timestamp="10 Mar 2021 15:00:08 GMT" time="0.033" errors="0">
  <testcase name="bookSearch" time="0.018" classname="com.testng.GroupingTest"/>
  <testcase name="earPhone" time="0.003" classname="com.testng.GroupingTest"/>
  <testcase name="mobile" time="0.003" classname="com.testng.GroupingTest"/>
  <testcase name="laptop" time="0.007" classname="com.testng.GroupingTest"/>
  <testcase name="novelSearch" time="0.002" classname="com.testng.GroupingTest"/>
</testsuite> <!-- com.testng.GroupingTest -->
