<?xml version="1.0" encoding="UTF-8"?>
<!-- Generated by org.testng.reporters.JUnitReportReporter -->
<testsuite hostname="DESKTOP-RH86VL0" name="com.testng.Time_Concept" tests="1" failures="0" timestamp="9 Mar 2021 01:49:28 GMT" time="3.011" errors="0">
  <testcase name="navigateToPage" time="3.011" classname="com.testng.Time_Concept"/>
</testsuite> <!-- com.testng.Time_Concept -->
